#
#
#
#
#
#    Don't try viewing this report without a plog-converter utility!!!
#
#    plog-converter -a GA:1,2 -t tasklist -o report.tasks /path/to/this/file.log
#
#    A link to the documentation: https://www.viva64.com/en/m/0036/
#
#
#
#
#
d99cf3ba-6fcd-43f9-9260-1179fa3a9bed
r-vUVbw<6y|D3 h22y|D3J*Xy|D3(a88o(O88o28U_ua(O6T.(9P =}'y|D3uaa8ay|D3r[GVy|D31>'8aau'oc 8aPUo}c{8>=-_uac'Lu's->jcoLucoL-a_cU'ohU2cUajhPu>oc8 coLucNka->o Nc h>'o-8>}c,Luc.1HQ<Fc->oujuacofkucUajhPu>oc-=cu/ku'ou_}y|D3 U2=uy|D3*y|D3y|D3cka->o ;RY=)>F-=sc.-:u%cY_c6-O)>REc_-=s>UPuEc_-=s=-:u^ny|D3cka->o ;RQUPuccccccccccccccccccccccccccccpcccccccccccc.-:uc;O^pccccccCu=uavu_c;6-O^)>R^ny|D3y|D3{4<wVJX
r-vUVbw<6y|D3 h22y|D3J[by|D3(a88o(O88o28U_ua(O6T.(9P =}'y|D3uaa8ay|D3r[GVy|D31>'8aau'oc 8aPUo}c{8>=-_uac'Lu's->jcoLucoL-a_cU'ohU2cUajhPu>oc8 coLucNka->o Nc h>'o-8>}c,Luc.1HQ<Fc->oujuacofkucUajhPu>oc-=cu/ku'ou_}y|D3 U2=uy|D3*y|D3ccdy|D3cccka->o ;RYw*J=cYJS22_cYJS22_)>REcu>oaf}T-2uQUPuEcu>oaf}T-2u.-:uEc;u>oaf}Cu=uavu_O28's=+J^^ny|D3ccBy|D3y|D3{4<wVJX
r-vUVbw<6y|D3 h22y|D3J[by|D3(a88o(O88o28U_ua(O6T.(9P =}'y|D3uaa8ay|D3r[GVy|D31>'8aau'oc 8aPUo}c{8>=-_uac'Lu's->jcoLuc 8haoLcU'ohU2cUajhPu>oc8 coLucNka->o Nc h>'o-8>}c,Luc.1HQ<Fc->oujuacofkucUajhPu>oc-=cu/ku'ou_}y|D3 U2=uy|D3*y|D3ccdy|D3cccka->o ;RYw*J=cYJS22_cYJS22_)>REcu>oaf}T-2uQUPuEcu>oaf}T-2u.-:uEc;u>oaf}Cu=uavu_O28's=+J^^ny|D3ccBy|D3y|D3{4<wVJX
r-vUVbw<6y|D3 h22y|D3*Viy|D3(a88o(O88o28U_ua(O6T.(9P =}'y|D3uaa8ay|D3r[Xby|D3,LucN_-=s.-:uNcvU2huc-=ckau=u>oc8>c98oLc=-_u=c8 coLucN3Nc8kuaUo8a}c,Lucu/kau==-8>c-=c->'8aau'oc8ac-oc'U>c9uc=-Pk2- -u_}y|D3 U2=uy|D3*y|D3ccdy|D3ccc- c;_-=s.-:uc+cxSJbc3c_-=s.-:uc^c((c6Usuc=hauc]uc_8>Noc8vua 28]y|D3cccdy|D3y|D3
r-vUVbw<6y|D3 h22y|D3bSXy|D3(a88o(O88o28U_ua(O6T.(9P =}'y|D3uaa8ay|D3r[GVy|D31>'8aau'oc 8aPUo}c{8>=-_uac'Lu's->jcoLuc=u'8>_cU'ohU2cUajhPu>oc8 coLucNka->o Nc h>'o-8>}cg>_uac'uaoU->c'8>_-o-8>=coLuck8->ouac'U>c9uc>h22}y|D3 U2=uy|D3*y|D3ccdy|D3cccka->o ;R<aa8a%cg>U92uco8c8ku>cY=c -2ucNY=N)>REc988oT-2u,fkuEc988o^ny|D3cccauocmcxny|D3y|D3{4<wVXG
r-vUVbw<6y|D3 h22y|D3b[Jy|D3(a88o(O88o28U_ua(O6T.(9P =}'y|D3uaa8ay|D3r[G[y|D3,Luck8ou>o-U2c>h22ck8->ouac-=ckU==u_c->o8cNPuP=uoNc h>'o-8>}c1>=ku'ocoLuc -a=ocUajhPu>o}y|D3 U2=uy|D3*y|D3cc_8h92uckua'u>ony|D3ccPuP=uo;9h  uaEcSEc9h  ua.-:u^ny|D3cc]a-ou.-:ucmcSny|D3y|D3{4<wVJX
r-vUVbw<6y|D3 h22y|D3bXJy|D3(a88o(O88o28U_ua(O6T.(9P =}'y|D3uaa8ay|D3r[G[y|D3,Luck8ou>o-U2c>h22ck8->ouac-=ckU==u_c->o8cNau]->_Nc h>'o-8>}c1>=ku'ocoLuc -a=ocUajhPu>o}y|D3 U2=uy|D3*y|D3cdy|D3ccau]->_;_-=s^ny|D3cc 8aPUo;^ny|D3y|D3{4<wVJX
r-vUVbw<6y|D3 h22y|D3[[Jy|D3(a88o(O88o28U_ua(O6T.(9P =}'y|D3uaa8ay|D3r[i[y|D3,LucN_-=sNck8->ouac]U=cho-2-:u_c9u 8auc-oc]U=cvua- -u_cUjU->=oc>h22koa}c{Lu'sc2->u=%c[[JEc[G[}y|D3 U2=uy|D3xy|D3cccdy|D3cccc- c; uaa8a;_-=s^^y|D3ccccdy|D3[[JE[G[y|D3{4<wbGV
r-vUVbw<6y|D3 h22y|D3VXiy|D3(a88o(O88o28U_ua(O6T.(9P =}'y|D3uaa8ay|D3r[GVy|D31>'8aau'oc 8aPUo}c{8>=-_uac'Lu's->jcoLuc=u'8>_cU'ohU2cUajhPu>oc8 coLucNka->o Nc h>'o-8>}c,Luc.1HQ<Fc->oujuacofkucUajhPu>oc-=cu/ku'ou_}y|D3 U2=uy|D3*y|D3ccdy|D3cccka->o ;R{U>>8oc'auUouc -2uc8 c=-:ucY22_c6-O})>REcPU/=-:u^ny|D3cccauoha>ny|D3y|D3{4<wVJX
r-vUVbw<6y|D3 h22y|D3Gy|D3(a88o(`ua>u2(>U-vu{8>=82u}'y|D3uaa8ay|D3rxSSiy|D3{Lu'scoLucUaaUfc->-o-U2-:Uo-8>}c?>2fcoLuc -a=ocu2uPu>oc-=c->-o-U2-:u_cu/k2-'-o2f}c,Lucau=ocu2uPu>o=cUauc->-o-U2-:u_c]-oLc:ua8=}y|D3 U2=uy|D3Jy|D3y|D3=oUo-'c'LUac9h  ua!Vb"cmcdcNSNcBny|D3=oUo-'ch->oXKoc+c'8>=ocv-_u8cmc;h->oXKo+^S/OXSSSny|D3y|D3
r-vUVbw<6y|D3 h22y|D3Xy|D3(a88o(`ua>u2(>U-vu{8>=82u}'y|D3uaa8ay|D3r[VVy|D3,Luc->oujuac'8>=oU>oc-=c'8>vuaou_co8ck8->oua}c\8==-92fcU>cuaa8ac8acUc9U_c'8_->jc=of2u%c;h->oXKoc+^cS/OXSSSy|D3 U2=uy|D3*y|D3=oUo-'c'LUac9h  ua!Vb"cmcdcNSNcBny|D3=oUo-'ch->oXKoc+c'8>=ocv-_u8cmc;h->oXKo+^S/OXSSSny|D3=oUo-'ch->oXKoc+c'haau>or-_u8cmc;h->oXKo+^S/OXSSSny|D3y|D3{4<w[XG
r-vUVbw<6y|D3 h22y|D3iy|D3(a88o(`ua>u2(>U-vu{8>=82u}'y|D3uaa8ay|D3r[VVy|D3,Luc->oujuac'8>=oU>oc-=c'8>vuaou_co8ck8->oua}c\8==-92fcU>cuaa8ac8acUc9U_c'8_->jc=of2u%c;h->oXKoc+^cS/OXSSSy|D3 U2=uy|D3*y|D3=oUo-'ch->oXKoc+c'8>=ocv-_u8cmc;h->oXKo+^S/OXSSSny|D3=oUo-'ch->oXKoc+c'haau>or-_u8cmc;h->oXKo+^S/OXSSSny|D3=oUo-'c'8>=och->o*JKoc]-_oLcmcXSny|D3y|D3{4<w[XG
r-vUVbw<6y|D3 h22y|D3Jby|D3(a88o(`ua>u2(sua>u2}'y|D3uaa8ay|D3r[VVy|D3,Luc->oujuac'8>=oU>oc-=c'8>vuaou_co8ck8->oua}c\8==-92fcU>cuaa8ac8acUc9U_c'8_->jc=of2u%c;v8-_c+^cS/bSSSSSy|D3 U2=uy|D3*y|D3y|D3=oUo-'cv8-_c+c'8>=oc=UPk2u{8_u68_h2u$__au==cmc;v8-_+^S/bSSSSSny|D3=oUo-'cv8-_c+c'8>=oc=UPk2uFUoU68_h2u$__au==cmc;v8-_+^S/[SSSSSny|D3y|D3{4<w[XG
r-vUVbw<6y|D3 h22y|D3J[y|D3(a88o(`ua>u2(sua>u2}'y|D3uaa8ay|D3r[VVy|D3,Luc->oujuac'8>=oU>oc-=c'8>vuaou_co8ck8->oua}c\8==-92fcU>cuaa8ac8acUc9U_c'8_->jc=of2u%c;v8-_c+^cS/[SSSSSy|D3 U2=uy|D3*y|D3=oUo-'cv8-_c+c'8>=oc=UPk2u{8_u68_h2u$__au==cmc;v8-_+^S/bSSSSSny|D3=oUo-'cv8-_c+c'8>=oc=UPk2uFUoU68_h2u$__au==cmc;v8-_+^S/[SSSSSny|D3=oUo-'cv8-_c+c'8>=oc=UPk2u{8_u68_h2uIuUk$__au==cmc;v8-_+^S/VSSSSSny|D3y|D3{4<w[XG
r-vUVbw<6y|D3 h22y|D3JVy|D3(a88o(`ua>u2(sua>u2}'y|D3uaa8ay|D3r[VVy|D3,Luc->oujuac'8>=oU>oc-=c'8>vuaou_co8ck8->oua}c\8==-92fcU>cuaa8ac8acUc9U_c'8_->jc=of2u%c;v8-_c+^cS/VSSSSSy|D3 U2=uy|D3*y|D3=oUo-'cv8-_c+c'8>=oc=UPk2uFUoU68_h2u$__au==cmc;v8-_+^S/[SSSSSny|D3=oUo-'cv8-_c+c'8>=oc=UPk2u{8_u68_h2uIuUk$__au==cmc;v8-_+^S/VSSSSSny|D3y|D3y|D3{4<w[XG
r-vUVbw<6y|D3 h22y|D3x*y|D3(a88o(`ua>u2(sua>u2}'y|D3uaa8ay|D3rxSS*y|D3,LucPU'a8cNI<$\K6<6?CeK.1W<Nc-=cUc_U>jua8h=cu/kau==-8>}c,Lucu/kau==-8>cPh=oc9uc=haa8h>_u_c9fckUau>oLu=u=}y|D3 U2=uy|D3*y|D3y|D3|_u ->ucI<$\K6<6?CeK.1W<cxSJbc+cxSJbc+cVbc((cVb6Oy|D3y|D3y|D3
r-vUVbw<6y|D3 h22y|D3Gxy|D3(a88o(`ua>u2(_a-vua=(v-_u8Fa-vua}'y|D3uaa8ay|D3r[VVy|D3,Luc->oujuac'8>=oU>oc-=c'8>vuaou_co8ck8->oua}c\8==-92fcU>cuaa8ac8acUc9U_c'8_->jc=of2u%c;v8-_c+^cS/[{SSy|D3 U2=uy|D3*y|D3=oUo-'c=oah'ocv9uKP8_uK-> 8K=oah'ohauc+='auu>FUoUcmy|D3cccc;v8-_c+^S/[{SSnc((c_-au''-8>c_ucPuP8a-Uc_8>_ucu=oUc2Uc-> 8aPU'-8>c_ucP8_8y|D3cccccccccccccccccccc((cv-_u8y|D3y|D3{4<w[XG
r-vUVbw<6y|D3 h22y|D3xV*y|D3(a88o(`ua>u2(PuP8af6U>UjuPu>o(9h__f}'y|D3uaa8ay|D3r[GVy|D31>'8aau'oc 8aPUo}c{8>=-_uac'Lu's->jcoLuc=u'8>_cU'ohU2cUajhPu>oc8 coLucNka->o Nc h>'o-8>}c,Luc.1HQ<Fc->oujuacofkucUajhPu>oc-=cu/ku'ou_}y|D3 U2=uy|D3*y|D3cccccccccccccccc- ;Uh/w3 auu^cdy|D3ccccccccccccccccccccka->o ;RccccccccO28'sc>hP9ua%cY_)>REc-_/^ny|D3ccccccccccccccccccccka->o ;Rcccccccc.oUou%c auu)>)>R^ny|D3y|D3{4<wVJX
r-vUVbw<6y|D3 h22y|D3xGSy|D3(a88o(`ua>u2(PuP8af6U>UjuPu>o(9h__f}'y|D3uaa8ay|D3r[GVy|D31>'8aau'oc 8aPUo}c{8>=-_uac'Lu's->jcoLuc=u'8>_cU'ohU2cUajhPu>oc8 coLucNka->o Nc h>'o-8>}c,Luc.1HQ<Fc->oujuacofkucUajhPu>oc-=cu/ku'ou_}y|D3 U2=uy|D3*y|D3ccccBy|D3ccccka->o ;R)>$vU-2U92uc=kU'u%cY_)>)>REc=kU'u$vU-2U92u^nccy|D3cBy|D3y|D3{4<wVJX
r-vUVbw<6y|D3 h22y|D3xJy|D3(a88o(`ua>u2(ka8'u==6U>UjuPu>o(ka8'u==6U>Ujua}'y|D3uaa8ay|D3r[VVy|D3,Luc->oujuac'8>=oU>oc-=c'8>vuaou_co8ck8->oua}c\8==-92fcU>cuaa8ac8acUc9U_c'8_->jc=of2u%c;v8-_c+^cS/bSSSSSy|D3 U2=uy|D3*y|D3y|D3=oUo-'cv8-_c+'8>=oc=UPk2u{8_u68_h2u$__au==cmc;v8-_c+^S/bSSSSSny|D3y|D3y|D3{4<w[XG
r-vUVbw<6y|D3 h22y|D3bbSy|D3(a88o(`ua>u2(ka8'u==6U>UjuPu>o(ka8'u==6U>Ujua}'y|D3uaa8ay|D3r[GVy|D31>'8aau'oc 8aPUo}c{8>=-_uac'Lu's->jcoLuc=-/oLcU'ohU2cUajhPu>oc8 coLucNka->o Nc h>'o-8>}c,Luc->oujuacUajhPu>oc8 c*Jw9-oc=-:uc-=cu/ku'ou_}y|D3 U2=uy|D3*y|D3cc- c;ka8'u==c&mcQg@@^y|D3ccka->o ;RQUPu%cY=)>\1F%cY_)>\\1F%cY_)>T8auja8h>_%cY=)>C.\%cY/)>CO\%cY/)>\a-8a-of%cY_)>.oUou%cY=)>)>REcy|D3ccka8'u==w3k'9}>UPuEcka8'u==w3k'9}k-_Ecy|D3y|D3{4<wVJX
r-vUVbw<6y|D3 h22y|D3bbSy|D3(a88o(`ua>u2(ka8'u==6U>UjuPu>o(ka8'u==6U>Ujua}'y|D3uaa8ay|D3r[GVy|D31>'8aau'oc 8aPUo}c{8>=-_uac'Lu's->jcoLuc=uvu>oLcU'ohU2cUajhPu>oc8 coLucNka->o Nc h>'o-8>}c,Luc->oujuacUajhPu>oc8 c*Jw9-oc=-:uc-=cu/ku'ou_}y|D3 U2=uy|D3*y|D3cc- c;ka8'u==c&mcQg@@^y|D3ccka->o ;RQUPu%cY=)>\1F%cY_)>\\1F%cY_)>T8auja8h>_%cY=)>C.\%cY/)>CO\%cY/)>\a-8a-of%cY_)>.oUou%cY=)>)>REcy|D3ccka8'u==w3k'9}>UPuEcka8'u==w3k'9}k-_Ecy|D3y|D3{4<wVJX
r-vUVbw<6y|D3 h22y|D3bbSy|D3(a88o(`ua>u2(ka8'u==6U>UjuPu>o(ka8'u==6U>Ujua}'y|D3uaa8ay|D3r[GVy|D31>'8aau'oc 8aPUo}c{8>=-_uac'Lu's->jcoLucu-jLoLcU'ohU2cUajhPu>oc8 coLucNka->o Nc h>'o-8>}c,Luc->oujuacUajhPu>oc8 c*Jw9-oc=-:uc-=cu/ku'ou_}y|D3 U2=uy|D3*y|D3cc- c;ka8'u==c&mcQg@@^y|D3ccka->o ;RQUPu%cY=)>\1F%cY_)>\\1F%cY_)>T8auja8h>_%cY=)>C.\%cY/)>CO\%cY/)>\a-8a-of%cY_)>.oUou%cY=)>)>REcy|D3ccka8'u==w3k'9}>UPuEcka8'u==w3k'9}k-_Ecy|D3y|D3{4<wVJX
r-vUVbw<6y|D3 h22y|D3iby|D3(a88o(`ua>u2(=uPUkL8au=(=uPUkL8au=}'y|D3uaa8ay|D3r[GVy|D31>'8aau'oc 8aPUo}c{8>=-_uac'Lu's->jcoLuc=u'8>_cU'ohU2cUajhPu>oc8 coLucNka->o Nc h>'o-8>}c,Luc.1HQ<Fc->oujuacofkucUajhPu>oc-=cu/ku'ou_}y|D3 U2=uy|D3*y|D3cccc]L-2uc;=uP^cdy|D3ccccccccka->o ;R.uPUkL8auc1F%cY_)>REc=uPw3-_^ny|D3ccccccccka->o ;RcccccrU2hu%cY_)>REc=uPw3vU2hu^ny|D3y|D3{4<wVJX
r-vUVbw<6y|D3 h22y|D3i[y|D3(a88o(`ua>u2(=uPUkL8au=(=uPUkL8au=}'y|D3uaa8ay|D3r[GVy|D31>'8aau'oc 8aPUo}c{8>=-_uac'Lu's->jcoLuc=u'8>_cU'ohU2cUajhPu>oc8 coLucNka->o Nc h>'o-8>}c,Luc->oujuacUajhPu>oc8 c*Jw9-oc=-:uc-=cu/ku'ou_}y|D3 U2=uy|D3*y|D3ccccccccka->o ;R.uPUkL8auc1F%cY_)>REc=uPw3-_^ny|D3ccccccccka->o ;RcccccrU2hu%cY_)>REc=uPw3vU2hu^ny|D3ccccccccka->o ;Rccccc$ooU'Lu_cka8'u==u=cUP8h>o%cY_)>REc=uPw32-=ou>->j\a8'u==u=^ny|D3y|D3{4<wVJX
r-vUVbw<6y|D3 h22y|D3x[xy|D3(a88o(`ua>u2(k-ku=(k-ku=}'y|D3uaa8ay|D3r[GVy|D31>'8aau'oc 8aPUo}c{8>=-_uac'Lu's->jcoLuc=u'8>_cU'ohU2cUajhPu>oc8 coLucNka->o Nc h>'o-8>}c,Luc->oujuacUajhPu>oc8 c*Jw9-oc=-:uc-=cu/ku'ou_}y|D3 U2=uy|D3*y|D3ccccccccccccka->o ;R\-kuc1F%cY_)>REck-ku}-_^ny|D3ccccccccccccka->o ;Rcccc$P8h>oc8 cUooU'Lu_cka8'u==u=%cY_)>REck-ku}o8oU2\a8'u==u=^ny|D3ccccccccccccka->o ;RccccCuU_c=uPUkL8au%cY_)>REck-ku}auU_@8's^ny|D3y|D3{4<wVJX
r-vUVbw<6y|D3 h22y|D3*by|D3(a88o(g=ua2U>_(.UPk2u{8_u68_h2u(ka8jaUP=('8PPU>_=}'y|D3uaa8ay|D3r[GVy|D31>'8aau'oc 8aPUo}c{8>=-_uac'Lu's->jcoLuc=u'8>_cU'ohU2cUajhPu>oc8 coLucNka->o Nc h>'o-8>}c,Luc->oujuacUajhPu>oc8 c*Jw9-oc=-:uc-=cu/ku'ou_}y|D3 U2=uy|D3*y|D3cccch->oVbKocau=h2ocmcK=f='U22;.e.KC,{K1FEcF$eKC,{K1FEcSEcSEcSEcS^ny|D3ccccka->o ;RY_REcau=h2o^ny|D3ckho{LUa;N(N^ny|D3y|D3{4<wVJX
r-vUVbw<6y|D3 h22y|D3*Xy|D3(a88o(g=ua2U>_(.UPk2u{8_u68_h2u(ka8jaUP=('8PPU>_=}'y|D3uaa8ay|D3r[GVy|D31>'8aau'oc 8aPUo}c{8>=-_uac'Lu's->jcoLuc=u'8>_cU'ohU2cUajhPu>oc8 coLucNka->o Nc h>'o-8>}c,Luc->oujuacUajhPu>oc8 c*Jw9-oc=-:uc-=cu/ku'ou_}y|D3 U2=uy|D3*y|D3ccau=h2ocmcK=f='U22;.e.KC,{K1FEc6?Q,IKC,{K1FEcSEcSEcSEcS^ny|D3ccka->o ;RY_REcau=h2o^ny|D3cckho{LUa;N(N^ny|D3y|D3{4<wVJX
r-vUVbw<6y|D3 h22y|D3b*y|D3(a88o(g=ua2U>_(.UPk2u{8_u68_h2u(ka8jaUP=('8PPU>_=}'y|D3uaa8ay|D3r[GVy|D31>'8aau'oc 8aPUo}c{8>=-_uac'Lu's->jcoLuc=u'8>_cU'ohU2cUajhPu>oc8 coLucNka->o Nc h>'o-8>}c,Luc->oujuacUajhPu>oc8 c*Jw9-oc=-:uc-=cu/ku'ou_}y|D3 U2=uy|D3*y|D3ccka->o ;RY_REce<$C^ny|D3ccka->o ;RY_)>REcau=h2o^ny|D3y|D3y|D3{4<wVJX
r-vUVbw<6y|D3 h22y|D3bGy|D3(a88o(g=ua2U>_(.UPk2u{8_u68_h2u(ka8jaUP=('8PPU>_=}'y|D3uaa8ay|D3r[GVy|D31>'8aau'oc 8aPUo}c{8>=-_uac'Lu's->jcoLuc=u'8>_cU'ohU2cUajhPu>oc8 coLucNka->o Nc h>'o-8>}c,Luc->oujuacUajhPu>oc8 c*Jw9-oc=-:uc-=cu/ku'ou_}y|D3 U2=uy|D3*y|D3ccau=h2ocmcK=f='U22;.e.KC,{K1FEcI?gCKC,{K1FEcSEcSEcSEcS^ny|D3ccka->o ;RY_REcau=h2o^ny|D3cckho{LUa;N%N^ny|D3y|D3{4<wVJX
r-vUVbw<6y|D3 h22y|D3[by|D3(a88o(g=ua2U>_(.UPk2u{8_u68_h2u(ka8jaUP=('8PPU>_=}'y|D3uaa8ay|D3r[GVy|D31>'8aau'oc 8aPUo}c{8>=-_uac'Lu's->jcoLuc=u'8>_cU'ohU2cUajhPu>oc8 coLucNka->o Nc h>'o-8>}c,Luc->oujuacUajhPu>oc8 c*Jw9-oc=-:uc-=cu/ku'ou_}y|D3 U2=uy|D3*y|D3ccBy|D3ccka->o ;RY_REcau=h2o^ny|D3cckho{LUa;N%N^ny|D3y|D3{4<wVJX
r-vUVbw<6y|D3 h22y|D3Vxy|D3(a88o(g=ua2U>_(.UPk2u{8_u68_h2u(ka8jaUP=('8PPU>_=}'y|D3uaa8ay|D3r[GVy|D31>'8aau'oc 8aPUo}c{8>=-_uac'Lu's->jcoLuc=u'8>_cU'ohU2cUajhPu>oc8 coLucNka->o Nc h>'o-8>}c,Luc->oujuacUajhPu>oc8 c*Jw9-oc=-:uc-=cu/ku'ou_}y|D3 U2=uy|D3*y|D3ccBy|D3ccka->o ;RY_)>)>REcau=h2o^ny|D3By|D3y|D3{4<wVJX
r-vUVbw<6y|D3 h22y|D3xJ[y|D3(a88o(g=ua2U>_(.UPk2u{8_u68_h2u(ka8jaUP=('8PPU>_=}'y|D3uaa8ay|D3r[GVy|D31>'8aau'oc 8aPUo}c{8>=-_uac'Lu's->jcoLuc=u'8>_cU'ohU2cUajhPu>oc8 coLucNka->o Nc h>'o-8>}c,Luc->oujuacUajhPu>oc8 c*Jw9-oc=-:uc-=cu/ku'ou_}y|D3 U2=uy|D3*y|D3ccccka->o ;RY=REcauj-=ouaQUPu=!-"^ny|D3ccccka->o ;RY/)>)>REcauj-=oua=!-"^ny|D3ccBy|D3y|D3{4<wVJX
r-vUVbw<6y|D3 h22y|D3xVxy|D3(a88o(g=ua2U>_(.UPk2u{8_u68_h2u(ka8jaUP=('8PPU>_=}'y|D3uaa8ay|D3rVSiy|D3F-v-_uc9fc:ua8}cFu>8P->Uo8acNfNcmmcS}y|D3 U2=uy|D3xy|D3cc->ocfcmcSny|D3cc/cmc/c(cfny|D3By|D3y|D3{4<w*Vi
r-vUVbw<6y|D3 h22y|D3xVxy|D3(a88o(g=ua2U>_(.UPk2u{8_u68_h2u(ka8jaUP=('8PPU>_=}'y|D3uaa8ay|D3rxSSxy|D3,LucN/NcvUa-U92uc-=cU==-j>u_c9hoc-=c>8och=u_ch>o-2coLucu>_c8 coLuc h>'o-8>}y|D3 U2=uy|D3Jy|D3cc->ocfcmcSny|D3cc/cmc/c(cfny|D3By|D3y|D3{4<w[V*
r-vUVbw<6y|D3 h22y|D3xiVy|D3(a88o(g=ua2U>_(.UPk2u{8_u68_h2u(ka8jaUP=('8PPU>_=}'y|D3uaa8ay|D3r[[Sy|D3$>c8__ckau'-=uc'8PkUa-=8>%cUcmmcS}c1oN=cka89U92fc9uoouaco8ch=ucUc'8PkUa-=8>c]-oLc_u ->u_ckau'-=-8>%c U9=;$cwcO^cyc<k=-28>}y|D3 U2=uy|D3*y|D3y|D3cc- c;UcmmcS^cdy|D3ccccka->o ;R)><2c'8u -'-u>ouc_uc/#Jc>8ckhu_uc=uacS})>)>R^ny|D3y|D3{4<wVXJ
r-vUVbw<6y|D3 h22y|D3JSxy|D3(a88o(g=ua2U>_(.UPk2u{8_u68_h2u(ka8jaUP=('8PPU>_=}'y|D3uaa8ay|D3r[[Sy|D3$>c8__ckau'-=uc'8PkUa-=8>%c9c&mcS}c1oN=cka89U92fc9uoouaco8ch=ucUc'8PkUa-=8>c]-oLc_u ->u_ckau'-=-8>%c U9=;$cwcO^c3c<k=-28>}y|D3 U2=uy|D3*y|D3y|D3cc- c;Uh/xcycP->cppc;Uh/JcycP->cZZc9c&mcS^cppc;Uh/*cycP->cZZc'c&mcS^^cdy|D3ccccka->o ;R)>@8=cUajhPu>o8=ckhu_u>cou>uac'8P8cPU/-P8cY_c_u'-PU2u=})>)>REy|D3y|D3{4<wVXJ
r-vUVbw<6y|D3 h22y|D3JSxy|D3(a88o(g=ua2U>_(.UPk2u{8_u68_h2u(ka8jaUP=('8PPU>_=}'y|D3uaa8ay|D3r[[Sy|D3$>c8__ckau'-=uc'8PkUa-=8>%c'c&mcS}c1oN=cka89U92fc9uoouaco8ch=ucUc'8PkUa-=8>c]-oLc_u ->u_ckau'-=-8>%c U9=;$cwcO^c3c<k=-28>}y|D3 U2=uy|D3*y|D3y|D3cc- c;Uh/xcycP->cppc;Uh/JcycP->cZZc9c&mcS^cppc;Uh/*cycP->cZZc'c&mcS^^cdy|D3ccccka->o ;R)>@8=cUajhPu>o8=ckhu_u>cou>uac'8P8cPU/-P8cY_c_u'-PU2u=})>)>REy|D3y|D3{4<wVXJ
r-vUVbw<6y|D3 h22y|D3xJGy|D3(a88o(g=ua2U>_(.UPk2u{8_u68_h2u(ka8jaUP=(=Lu22}'y|D3uaa8ay|D3r[GVy|D31>'8aau'oc 8aPUo}c{8>=-_uac'Lu's->jcoLuc=u'8>_cU'ohU2cUajhPu>oc8 coLucN='U> Nc h>'o-8>}c1oN=c_U>jua8h=co8ch=uc=oa->jc=ku'- -uac]-oL8hoc]-_oLc=ku'- -'Uo-8>}cOh  uac8vua 28]c-=ck8==-92u}y|D3 U2=uy|D3Jy|D3y|D3cccccccc- c;c='U> ;RY=REch=ua1>kho^c3mcOgTT<CK.1W<c^cdy|D3ccccccccccccka->o ;R)>6U/-P8c_uc'UaU'ouau=ckuaP-o-_8=ckUaUc->kho%cY_)>)>REcOgTT<CK.1W<wx^ny|D3y|D3{4<wVJX
